<?xml version="1.0" encoding="UTF-8"?>
<testsuite name="TestSuite" time="18.621" tests="17" errors="0" skipped="12" failures="3">
  <properties>
[...]
</properties>
  <testcase name="DirectionFromAndToPlace" classname="com.mapsnq.assignment.ws.DirectionModule" time="13.37"/>
  <testcase name="TestClearRouteLink" classname="com.mapsnq.assignment.ws.DirectionModule" time="2.413"/>
  <testcase name="TestToCheckOnlyByGivingFromDirection" classname="com.mapsnq.assignment.ws.DirectionModule" time="1.196">
    <failure message="expected [true] but found [false]" type="java.lang.AssertionError">java.lang.AssertionError: expected [true] but found [false]
	at org.testng.Assert.fail(Assert.java:94)
	at org.testng.Assert.failNotEquals(Assert.java:513)
	at org.testng.Assert.assertTrue(Assert.java:42)
	at org.testng.Assert.assertTrue(Assert.java:52)
	at com.mapsnq.assignment.ws.DirectionModule.TestToCheckOnlyByGivingFromDirection(DirectionModule.java:93)
</failure>
    <system-err><![CDATA[Starting ChromeDriver 72.0.3626.7 (efcef9a3ecda02b2132af215116a03852d08b9cb) on port 13291
Only local connections are allowed.
]]></system-err>
  </testcase>
  <testcase name="TestToCheckOnlyByGivingToDirection" classname="com.mapsnq.assignment.ws.DirectionModule" time="0.81">
    <failure message="expected [true] but found [false]" type="java.lang.AssertionError">java.lang.AssertionError: expected [true] but found [false]
	at org.testng.Assert.fail(Assert.java:94)
	at org.testng.Assert.failNotEquals(Assert.java:513)
	at org.testng.Assert.assertTrue(Assert.java:42)
	at org.testng.Assert.assertTrue(Assert.java:52)
	at com.mapsnq.assignment.ws.DirectionModule.TestToCheckOnlyByGivingToDirection(DirectionModule.java:83)
</failure>
    <system-err><![CDATA[Starting ChromeDriver 72.0.3626.7 (efcef9a3ecda02b2132af215116a03852d08b9cb) on port 15586
Only local connections are allowed.
]]></system-err>
  </testcase>
  <testcase name="tearDown" classname="com.mapsnq.assignment.ws.DirectionModule" time="0.832">
    <failure message="unexpected alert open: {Alert text : Please enter route Start and Destination.}&#10;  (Session info: chrome=72.0.3626.109)&#10;  (Driver info: chromedriver=72.0.3626.7 (efcef9a3ecda02b2132af215116a03852d08b9cb),platform=Windows NT 6.1.7601 SP1 x86_64) (WARNING: The server did not provide any stacktrace information)&#10;Command duration or timeout: 25 milliseconds: null&#10;Build info: version: &apos;2.53.1&apos;, revision: &apos;a36b8b1cd5757287168e54b817830adce9b0158d&apos;, time: &apos;2016-06-30 19:26:09&apos;&#10;System info: host: &apos;LT0072540&apos;, ip: &apos;192.168.2.5&apos;, os.name: &apos;Windows 7&apos;, os.arch: &apos;amd64&apos;, os.version: &apos;6.1&apos;, java.version: &apos;1.8.0_101&apos;&#10;Driver info: org.openqa.selenium.chrome.ChromeDriver&#10;Capabilities [{mobileEmulationEnabled=false, timeouts={implicit=0, pageLoad=300000, script=30000}, hasTouchScreen=false, platform=XP, acceptSslCerts=false, goog:chromeOptions={debuggerAddress=localhost:51854}, acceptInsecureCerts=false, webStorageEnabled=true, browserName=chrome, takesScreenshot=true, javascriptEnabled=true, setWindowRect=true, unexpectedAlertBehaviour=ignore, applicationCacheEnabled=false, rotatable=false, networkConnectionEnabled=false, chrome={chromedriverVersion=72.0.3626.7 (efcef9a3ecda02b2132af215116a03852d08b9cb), userDataDir=C:\Users\PRAKAS~1.ADA\AppData\Local\Temp\scoped_dir14104_32617}, takesHeapSnapshot=true, pageLoadStrategy=normal, databaseEnabled=false, handlesAlerts=true, version=72.0.3626.109, browserConnectionEnabled=false, proxy={}, nativeEvents=true, locationContextEnabled=true, cssSelectorsEnabled=true}]&#10;Session ID: a9138fd83894f1e0ad16fd02cf9fbac8" type="org.openqa.selenium.UnhandledAlertException">org.openqa.selenium.UnhandledAlertException: unexpected alert open: {Alert text : Please enter route Start and Destination.}
  (Session info: chrome=72.0.3626.109)
  (Driver info: chromedriver=72.0.3626.7 (efcef9a3ecda02b2132af215116a03852d08b9cb),platform=Windows NT 6.1.7601 SP1 x86_64) (WARNING: The server did not provide any stacktrace information)
Command duration or timeout: 25 milliseconds: null
Build info: version: '2.53.1', revision: 'a36b8b1cd5757287168e54b817830adce9b0158d', time: '2016-06-30 19:26:09'
System info: host: 'LT0072540', ip: '192.168.2.5', os.name: 'Windows 7', os.arch: 'amd64', os.version: '6.1', java.version: '1.8.0_101'
Driver info: org.openqa.selenium.chrome.ChromeDriver
Capabilities [{mobileEmulationEnabled=false, timeouts={implicit=0, pageLoad=300000, script=30000}, hasTouchScreen=false, platform=XP, acceptSslCerts=false, goog:chromeOptions={debuggerAddress=localhost:51854}, acceptInsecureCerts=false, webStorageEnabled=true, browserName=chrome, takesScreenshot=true, javascriptEnabled=true, setWindowRect=true, unexpectedAlertBehaviour=ignore, applicationCacheEnabled=false, rotatable=false, networkConnectionEnabled=false, chrome={chromedriverVersion=72.0.3626.7 (efcef9a3ecda02b2132af215116a03852d08b9cb), userDataDir=C:\Users\PRAKAS~1.ADA\AppData\Local\Temp\scoped_dir14104_32617}, takesHeapSnapshot=true, pageLoadStrategy=normal, databaseEnabled=false, handlesAlerts=true, version=72.0.3626.109, browserConnectionEnabled=false, proxy={}, nativeEvents=true, locationContextEnabled=true, cssSelectorsEnabled=true}]
Session ID: a9138fd83894f1e0ad16fd02cf9fbac8
	at sun.reflect.NativeConstructorAccessorImpl.newInstance0(Native Method)
	at sun.reflect.NativeConstructorAccessorImpl.newInstance(NativeConstructorAccessorImpl.java:62)
	at sun.reflect.DelegatingConstructorAccessorImpl.newInstance(DelegatingConstructorAccessorImpl.java:45)
	at java.lang.reflect.Constructor.newInstance(Constructor.java:423)
	at org.openqa.selenium.remote.ErrorHandler.createThrowable(ErrorHandler.java:206)
	at org.openqa.selenium.remote.ErrorHandler.throwIfResponseFailed(ErrorHandler.java:164)
	at org.openqa.selenium.remote.RemoteWebDriver.execute(RemoteWebDriver.java:678)
	at org.openqa.selenium.remote.RemoteWebDriver.execute(RemoteWebDriver.java:701)
	at org.openqa.selenium.remote.RemoteWebDriver.getScreenshotAs(RemoteWebDriver.java:335)
	at commapsnq.assignment.test.utility.ScreenShot.getScreenshot(ScreenShot.java:17)
	at commapsnq.assignment.test.utility.WebBaseTest2.tearDown(WebBaseTest2.java:110)
	at sun.reflect.NativeMethodAccessorImpl.invoke0(Native Method)
	at sun.reflect.NativeMethodAccessorImpl.invoke(NativeMethodAccessorImpl.java:62)
	at sun.reflect.DelegatingMethodAccessorImpl.invoke(DelegatingMethodAccessorImpl.java:43)
	at java.lang.reflect.Method.invoke(Method.java:498)
	at org.testng.internal.MethodInvocationHelper.invokeMethod(MethodInvocationHelper.java:104)
	at org.testng.internal.Invoker.invokeConfigurationMethod(Invoker.java:515)
	at org.testng.internal.Invoker.invokeConfigurations(Invoker.java:217)
	at org.testng.internal.Invoker.invokeMethod(Invoker.java:712)
	at org.testng.internal.Invoker.invokeTestMethod(Invoker.java:851)
	at org.testng.internal.Invoker.invokeTestMethods(Invoker.java:1177)
	at org.testng.internal.TestMethodWorker.invokeTestMethods(TestMethodWorker.java:129)
	at org.testng.internal.TestMethodWorker.run(TestMethodWorker.java:112)
	at org.testng.TestRunner.privateRun(TestRunner.java:756)
	at org.testng.TestRunner.run(TestRunner.java:610)
	at org.testng.SuiteRunner.runTest(SuiteRunner.java:387)
	at org.testng.SuiteRunner.runSequentially(SuiteRunner.java:382)
	at org.testng.SuiteRunner.privateRun(SuiteRunner.java:340)
	at org.testng.SuiteRunner.run(SuiteRunner.java:289)
	at org.testng.SuiteRunnerWorker.runSuite(SuiteRunnerWorker.java:52)
	at org.testng.SuiteRunnerWorker.run(SuiteRunnerWorker.java:86)
	at org.testng.TestNG.runSuitesSequentially(TestNG.java:1293)
	at org.testng.TestNG.runSuitesLocally(TestNG.java:1218)
	at org.testng.TestNG.runSuites(TestNG.java:1133)
	at org.testng.TestNG.run(TestNG.java:1104)
	at org.apache.maven.surefire.testng.TestNGExecutor.run(TestNGExecutor.java:293)
	at org.apache.maven.surefire.testng.TestNGXmlTestSuite.execute(TestNGXmlTestSuite.java:84)
	at org.apache.maven.surefire.testng.TestNGProvider.invoke(TestNGProvider.java:91)
	at org.apache.maven.surefire.booter.ForkedBooter.invokeProviderInSameClassLoader(ForkedBooter.java:200)
	at org.apache.maven.surefire.booter.ForkedBooter.runSuitesInProcess(ForkedBooter.java:153)
	at org.apache.maven.surefire.booter.ForkedBooter.main(ForkedBooter.java:103)
</failure>
  </testcase>
  <testcase name="setUp" classname="com.mapsnq.assignment.ws.DirectionModule" time="0">
    <skipped/>
  </testcase>
  <testcase name="TestToCheckSwapOriginAndDestination" classname="com.mapsnq.assignment.ws.DirectionModule" time="0">
    <skipped/>
  </testcase>
  <testcase name="tearDown" classname="com.mapsnq.assignment.ws.DirectionModule" time="0">
    <skipped/>
  </testcase>
  <testcase name="setUp" classname="com.mapsnq.assignment.ws.DirectionModule" time="0">
    <skipped/>
  </testcase>
  <testcase name="TestToClickOnlyDirectionButton" classname="com.mapsnq.assignment.ws.DirectionModule" time="0">
    <skipped/>
  </testcase>
  <testcase name="tearDown" classname="com.mapsnq.assignment.ws.DirectionModule" time="0">
    <skipped/>
  </testcase>
  <testcase name="setUp" classname="com.mapsnq.assignment.ws.DirectionModule" time="0">
    <skipped/>
  </testcase>
  <testcase name="TestToFatestDirection" classname="com.mapsnq.assignment.ws.DirectionModule" time="0">
    <skipped/>
  </testcase>
  <testcase name="tearDown" classname="com.mapsnq.assignment.ws.DirectionModule" time="0">
    <skipped/>
  </testcase>
  <testcase name="setUp" classname="com.mapsnq.assignment.ws.DirectionModule" time="0">
    <skipped/>
  </testcase>
  <testcase name="TestToTollAwareDirection" classname="com.mapsnq.assignment.ws.DirectionModule" time="0">
    <skipped/>
  </testcase>
  <testcase name="tearDown" classname="com.mapsnq.assignment.ws.DirectionModule" time="0">
    <skipped/>
  </testcase>
</testsuite>