<?xml version="1.0" encoding="UTF-8"?>
<testng-results skipped="0" failed="1" ignored="0" total="6" passed="5">
  <reporter-output>
    <line>
      <![CDATA[Adam Road (Towards Changi)]]>
    </line>
    <line>
      <![CDATA[Singapore]]>
    </line>
    <line>
      <![CDATA[Singapore]]>
    </line>
    <line>
      <![CDATA[Singapore Live Traffic Cameras]]>
    </line>
  </reporter-output>
  <suite name="Test Suit" duration-ms="410795" started-at="2019-02-19T05:29:47Z" finished-at="2019-02-19T05:36:38Z">
    <groups>
    </groups>
    <test name="ChromeTest" duration-ms="410795" started-at="2019-02-19T05:29:47Z" finished-at="2019-02-19T05:36:38Z">
      <class name="com.mapsnq.assignment.LiveTrafficeModule">
        <test-method status="PASS" signature="setUp(java.lang.String)[pri:0, instance:com.mapsnq.assignment.LiveTrafficeModule@7dc0f706]" name="setUp" is-config="true" duration-ms="60430" started-at="2019-02-19T05:29:47Z" finished-at="2019-02-19T05:30:48Z">
          <params>
            <param index="0">
              <value>
                <![CDATA[Chrome]]>
              </value>
            </param>
          </params>
          <reporter-output>
          </reporter-output>
        </test-method> <!-- setUp -->
        <test-method status="PASS" signature="TestToUserNativgateToLiveIncidentPage()[pri:0, instance:com.mapsnq.assignment.LiveTrafficeModule@7dc0f706]" name="TestToUserNativgateToLiveIncidentPage" duration-ms="1861" started-at="2019-02-19T05:30:48Z" description=" Test to check Shotest route between source and destination" finished-at="2019-02-19T05:30:50Z">
          <reporter-output>
          </reporter-output>
        </test-method> <!-- TestToUserNativgateToLiveIncidentPage -->
        <test-method status="PASS" signature="tearDown(org.testng.ITestResult)[pri:0, instance:com.mapsnq.assignment.LiveTrafficeModule@7dc0f706]" name="tearDown" is-config="true" duration-ms="4287" started-at="2019-02-19T05:30:50Z" finished-at="2019-02-19T05:30:54Z">
          <params>
            <param index="0">
              <value>
                <![CDATA[[TestResult name=TestToUserNativgateToLiveIncidentPage status=SUCCESS method=LiveTrafficeModule.TestToUserNativgateToLiveIncidentPage()[pri:0, instance:com.mapsnq.assignment.LiveTrafficeModule@7dc0f706] output={null}]]]>
              </value>
            </param>
          </params>
          <reporter-output>
          </reporter-output>
        </test-method> <!-- tearDown -->
        <test-method status="PASS" signature="setUp(java.lang.String)[pri:0, instance:com.mapsnq.assignment.LiveTrafficeModule@7dc0f706]" name="setUp" is-config="true" duration-ms="61537" started-at="2019-02-19T05:30:54Z" finished-at="2019-02-19T05:31:56Z">
          <params>
            <param index="0">
              <value>
                <![CDATA[Chrome]]>
              </value>
            </param>
          </params>
          <reporter-output>
          </reporter-output>
        </test-method> <!-- setUp -->
        <test-method status="PASS" signature="TestToUserSeeListOfLiveIncidentPage()[pri:0, instance:com.mapsnq.assignment.LiveTrafficeModule@7dc0f706]" name="TestToUserSeeListOfLiveIncidentPage" duration-ms="2380" started-at="2019-02-19T05:31:56Z" description=" Test to check user can see list of Live Incident" finished-at="2019-02-19T05:31:58Z">
          <reporter-output>
          </reporter-output>
        </test-method> <!-- TestToUserSeeListOfLiveIncidentPage -->
        <test-method status="PASS" signature="tearDown(org.testng.ITestResult)[pri:0, instance:com.mapsnq.assignment.LiveTrafficeModule@7dc0f706]" name="tearDown" is-config="true" duration-ms="1867" started-at="2019-02-19T05:31:58Z" finished-at="2019-02-19T05:32:00Z">
          <params>
            <param index="0">
              <value>
                <![CDATA[[TestResult name=TestToUserSeeListOfLiveIncidentPage status=SUCCESS method=LiveTrafficeModule.TestToUserSeeListOfLiveIncidentPage()[pri:0, instance:com.mapsnq.assignment.LiveTrafficeModule@7dc0f706] output={null}]]]>
              </value>
            </param>
          </params>
          <reporter-output>
          </reporter-output>
        </test-method> <!-- tearDown -->
        <test-method status="PASS" signature="setUp(java.lang.String)[pri:0, instance:com.mapsnq.assignment.LiveTrafficeModule@7dc0f706]" name="setUp" is-config="true" duration-ms="60285" started-at="2019-02-19T05:32:00Z" finished-at="2019-02-19T05:33:00Z">
          <params>
            <param index="0">
              <value>
                <![CDATA[Chrome]]>
              </value>
            </param>
          </params>
          <reporter-output>
          </reporter-output>
        </test-method> <!-- setUp -->
        <test-method status="PASS" signature="TestToCheckListOfLiveCamerasPage()[pri:1, instance:com.mapsnq.assignment.LiveTrafficeModule@7dc0f706]" name="TestToCheckListOfLiveCamerasPage" duration-ms="3118" started-at="2019-02-19T05:33:00Z" description=" Test to check user List of Live Camera " finished-at="2019-02-19T05:33:04Z">
          <reporter-output>
            <line>
              <![CDATA[Adam Road (Towards Changi)]]>
            </line>
          </reporter-output>
        </test-method> <!-- TestToCheckListOfLiveCamerasPage -->
        <test-method status="PASS" signature="tearDown(org.testng.ITestResult)[pri:0, instance:com.mapsnq.assignment.LiveTrafficeModule@7dc0f706]" name="tearDown" is-config="true" duration-ms="2164" started-at="2019-02-19T05:33:04Z" finished-at="2019-02-19T05:33:06Z">
          <params>
            <param index="0">
              <value>
                <![CDATA[[TestResult name=TestToCheckListOfLiveCamerasPage status=SUCCESS method=LiveTrafficeModule.TestToCheckListOfLiveCamerasPage()[pri:1, instance:com.mapsnq.assignment.LiveTrafficeModule@7dc0f706] output=Adam Road (Towards Changi)]]]>
              </value>
            </param>
          </params>
          <reporter-output>
          </reporter-output>
        </test-method> <!-- tearDown -->
        <test-method status="PASS" signature="setUp(java.lang.String)[pri:0, instance:com.mapsnq.assignment.LiveTrafficeModule@7dc0f706]" name="setUp" is-config="true" duration-ms="58562" started-at="2019-02-19T05:33:06Z" finished-at="2019-02-19T05:34:04Z">
          <params>
            <param index="0">
              <value>
                <![CDATA[Chrome]]>
              </value>
            </param>
          </params>
          <reporter-output>
          </reporter-output>
        </test-method> <!-- setUp -->
        <test-method status="PASS" signature="TestToCheckListOfLiveTollPage()[pri:1, instance:com.mapsnq.assignment.LiveTrafficeModule@7dc0f706]" name="TestToCheckListOfLiveTollPage" duration-ms="6129" started-at="2019-02-19T05:34:04Z" description=" Test to check user navigate to Live Toll Page " finished-at="2019-02-19T05:34:10Z">
          <reporter-output>
            <line>
              <![CDATA[Singapore]]>
            </line>
          </reporter-output>
        </test-method> <!-- TestToCheckListOfLiveTollPage -->
        <test-method status="PASS" signature="tearDown(org.testng.ITestResult)[pri:0, instance:com.mapsnq.assignment.LiveTrafficeModule@7dc0f706]" name="tearDown" is-config="true" duration-ms="1381" started-at="2019-02-19T05:34:10Z" finished-at="2019-02-19T05:34:12Z">
          <params>
            <param index="0">
              <value>
                <![CDATA[[TestResult name=TestToCheckListOfLiveTollPage status=SUCCESS method=LiveTrafficeModule.TestToCheckListOfLiveTollPage()[pri:1, instance:com.mapsnq.assignment.LiveTrafficeModule@7dc0f706] output=Singapore]]]>
              </value>
            </param>
          </params>
          <reporter-output>
          </reporter-output>
        </test-method> <!-- tearDown -->
        <test-method status="PASS" signature="setUp(java.lang.String)[pri:0, instance:com.mapsnq.assignment.LiveTrafficeModule@7dc0f706]" name="setUp" is-config="true" duration-ms="50326" started-at="2019-02-19T05:34:12Z" finished-at="2019-02-19T05:35:02Z">
          <params>
            <param index="0">
              <value>
                <![CDATA[Chrome]]>
              </value>
            </param>
          </params>
          <reporter-output>
          </reporter-output>
        </test-method> <!-- setUp -->
        <test-method status="PASS" signature="TestToCheckUserNavigateToLiveTollPage()[pri:1, instance:com.mapsnq.assignment.LiveTrafficeModule@7dc0f706]" name="TestToCheckUserNavigateToLiveTollPage" duration-ms="6594" started-at="2019-02-19T05:35:02Z" description=" Test to check user navigate to Live Toll Page " finished-at="2019-02-19T05:35:09Z">
          <reporter-output>
            <line>
              <![CDATA[Singapore]]>
            </line>
          </reporter-output>
        </test-method> <!-- TestToCheckUserNavigateToLiveTollPage -->
        <test-method status="PASS" signature="tearDown(org.testng.ITestResult)[pri:0, instance:com.mapsnq.assignment.LiveTrafficeModule@7dc0f706]" name="tearDown" is-config="true" duration-ms="1290" started-at="2019-02-19T05:35:09Z" finished-at="2019-02-19T05:35:10Z">
          <params>
            <param index="0">
              <value>
                <![CDATA[[TestResult name=TestToCheckUserNavigateToLiveTollPage status=SUCCESS method=LiveTrafficeModule.TestToCheckUserNavigateToLiveTollPage()[pri:1, instance:com.mapsnq.assignment.LiveTrafficeModule@7dc0f706] output=Singapore]]]>
              </value>
            </param>
          </params>
          <reporter-output>
          </reporter-output>
        </test-method> <!-- tearDown -->
        <test-method status="PASS" signature="setUp(java.lang.String)[pri:0, instance:com.mapsnq.assignment.LiveTrafficeModule@7dc0f706]" name="setUp" is-config="true" duration-ms="83100" started-at="2019-02-19T05:35:10Z" finished-at="2019-02-19T05:36:33Z">
          <params>
            <param index="0">
              <value>
                <![CDATA[Chrome]]>
              </value>
            </param>
          </params>
          <reporter-output>
          </reporter-output>
        </test-method> <!-- setUp -->
        <test-method status="FAIL" signature="TestToUserSeeLiveCamerasPage()[pri:1, instance:com.mapsnq.assignment.LiveTrafficeModule@7dc0f706]" name="TestToUserSeeLiveCamerasPage" duration-ms="1832" started-at="2019-02-19T05:36:33Z" description=" Test to check user navigates to Live Camera Tab" finished-at="2019-02-19T05:36:35Z">
          <exception class="java.lang.AssertionError">
            <message>
              <![CDATA[expected [Singapore Live Traffic Cameras] but found []]]>
            </message>
            <full-stacktrace>
              <![CDATA[java.lang.AssertionError: expected [Singapore Live Traffic Cameras] but found []
at org.testng.Assert.fail(Assert.java:96)
at org.testng.Assert.failNotEquals(Assert.java:776)
at org.testng.Assert.assertEqualsImpl(Assert.java:137)
at org.testng.Assert.assertEquals(Assert.java:118)
at org.testng.Assert.assertEquals(Assert.java:453)
at org.testng.Assert.assertEquals(Assert.java:463)
at com.mapsqn.assignment.validation.LiveCamerasValidation.validateLiveCamerasPage(LiveCamerasValidation.java:13)
at com.mapsnq.assignment.LiveTrafficeModule.TestToUserSeeLiveCamerasPage(LiveTrafficeModule.java:52)
at sun.reflect.NativeMethodAccessorImpl.invoke0(Native Method)
at sun.reflect.NativeMethodAccessorImpl.invoke(Unknown Source)
at sun.reflect.DelegatingMethodAccessorImpl.invoke(Unknown Source)
at java.lang.reflect.Method.invoke(Unknown Source)
at org.testng.internal.MethodInvocationHelper.invokeMethod(MethodInvocationHelper.java:124)
at org.testng.internal.Invoker.invokeMethod(Invoker.java:580)
at org.testng.internal.Invoker.invokeTestMethod(Invoker.java:716)
at org.testng.internal.Invoker.invokeTestMethods(Invoker.java:988)
at org.testng.internal.TestMethodWorker.invokeTestMethods(TestMethodWorker.java:125)
at org.testng.internal.TestMethodWorker.run(TestMethodWorker.java:109)
at org.testng.TestRunner.privateRun(TestRunner.java:648)
at org.testng.TestRunner.run(TestRunner.java:505)
at org.testng.SuiteRunner.runTest(SuiteRunner.java:455)
at org.testng.SuiteRunner.runSequentially(SuiteRunner.java:450)
at org.testng.SuiteRunner.privateRun(SuiteRunner.java:415)
at org.testng.SuiteRunner.run(SuiteRunner.java:364)
at org.testng.SuiteRunnerWorker.runSuite(SuiteRunnerWorker.java:52)
at org.testng.SuiteRunnerWorker.run(SuiteRunnerWorker.java:84)
at org.testng.TestNG.runSuitesSequentially(TestNG.java:1208)
at org.testng.TestNG.runSuitesLocally(TestNG.java:1137)
at org.testng.TestNG.runSuites(TestNG.java:1049)
at org.testng.TestNG.run(TestNG.java:1017)
at org.testng.remote.AbstractRemoteTestNG.run(AbstractRemoteTestNG.java:114)
at org.testng.remote.RemoteTestNG.initAndRun(RemoteTestNG.java:251)
at org.testng.remote.RemoteTestNG.main(RemoteTestNG.java:77)
]]>
            </full-stacktrace>
          </exception> <!-- java.lang.AssertionError -->
          <reporter-output>
            <line>
              <![CDATA[Singapore Live Traffic Cameras]]>
            </line>
          </reporter-output>
        </test-method> <!-- TestToUserSeeLiveCamerasPage -->
        <test-method status="PASS" signature="tearDown(org.testng.ITestResult)[pri:0, instance:com.mapsnq.assignment.LiveTrafficeModule@7dc0f706]" name="tearDown" is-config="true" duration-ms="2784" started-at="2019-02-19T05:36:35Z" finished-at="2019-02-19T05:36:38Z">
          <params>
            <param index="0">
              <value>
                <![CDATA[[TestResult name=TestToUserSeeLiveCamerasPage status=FAILURE method=LiveTrafficeModule.TestToUserSeeLiveCamerasPage()[pri:1, instance:com.mapsnq.assignment.LiveTrafficeModule@7dc0f706] output=Singapore Live Traffic Cameras]]]>
              </value>
            </param>
          </params>
          <reporter-output>
          </reporter-output>
        </test-method> <!-- tearDown -->
      </class> <!-- com.mapsnq.assignment.LiveTrafficeModule -->
    </test> <!-- ChromeTest -->
  </suite> <!-- Test Suit -->
</testng-results>
