<?xml version="1.0" encoding="UTF-8"?>
<!-- Generated by org.testng.reporters.JUnitXMLReporter -->
<testsuite hostname="LT0072540" ignored="0" name="Grocert Complete Set Of DeliveryApp Service" tests="1" failures="0" timestamp="09 Jan 2019 09:14:58 GMT" time="63.577" errors="0">
  <testcase name="@BeforeMethod setUp" time="0.0" classname="com.ril.deliveryApp.test.utility.WebBaseTest">
    <failure type="java.lang.RuntimeException" message="java.net.ConnectException: Connection timed out: connect">
      <![CDATA[java.lang.RuntimeException: java.net.ConnectException: Connection timed out: connect
	at io.github.bonigarcia.wdm.BrowserManager.manage(BrowserManager.java:272)
	at io.github.bonigarcia.wdm.BrowserManager.setup(BrowserManager.java:103)
	at io.github.bonigarcia.wdm.BrowserManager.setup(BrowserManager.java:82)
	at com.ril.deliveryApp.test.utility.WebBaseTest.setUp(WebBaseTest.java:20)
	at java.util.concurrent.ThreadPoolExecutor.runWorker(Unknown Source)
	at java.util.concurrent.ThreadPoolExecutor$Worker.run(Unknown Source)
	at java.lang.Thread.run(Unknown Source)
Caused by: java.net.ConnectException: Connection timed out: connect
	at java.net.DualStackPlainSocketImpl.connect0(Native Method)
	at java.net.DualStackPlainSocketImpl.socketConnect(Unknown Source)
	at java.net.AbstractPlainSocketImpl.doConnect(Unknown Source)
	at java.net.AbstractPlainSocketImpl.connectToAddress(Unknown Source)
	at java.net.AbstractPlainSocketImpl.connect(Unknown Source)
	at java.net.PlainSocketImpl.connect(Unknown Source)
	at java.net.SocksSocketImpl.connect(Unknown Source)
	at java.net.Socket.connect(Unknown Source)
	at java.net.Socket.connect(Unknown Source)
	at sun.net.NetworkClient.doConnect(Unknown Source)
	at sun.net.www.http.HttpClient.openServer(Unknown Source)
	at sun.net.www.http.HttpClient.openServer(Unknown Source)
	at sun.net.www.http.HttpClient.<init>(Unknown Source)
	at sun.net.www.http.HttpClient.New(Unknown Source)
	at sun.net.www.http.HttpClient.New(Unknown Source)
	at sun.net.www.protocol.http.HttpURLConnection.getNewHttpClient(Unknown Source)
	at sun.net.www.protocol.http.HttpURLConnection.plainConnect0(Unknown Source)
	at sun.net.www.protocol.http.HttpURLConnection.plainConnect(Unknown Source)
	at sun.net.www.protocol.http.HttpURLConnection.connect(Unknown Source)
	at sun.net.www.protocol.http.HttpURLConnection.getInputStream0(Unknown Source)
	at sun.net.www.protocol.http.HttpURLConnection.getInputStream(Unknown Source)
	at java.net.URL.openStream(Unknown Source)
	at io.github.bonigarcia.wdm.BrowserManager.getDriversFromXml(BrowserManager.java:441)
	at io.github.bonigarcia.wdm.ChromeDriverManager.getDrivers(ChromeDriverManager.java:44)
	at io.github.bonigarcia.wdm.BrowserManager.manage(BrowserManager.java:209)
	... 18 more
... Removed 12 stack frames]]>
    </failure>
  </testcase> <!-- @BeforeMethod setUp -->
  <testcase name="@AfterMethod tearDown" time="0.0" classname="com.ril.deliveryApp.test.utility.WebBaseTest">
    <skipped/>
  </testcase> <!-- @AfterMethod tearDown -->
  <testcase name="testCreateNewUser" time="0.09" classname="com.ril.deliveryApp.ws.Testing">
    <skipped/>
  </testcase> <!-- testCreateNewUser -->
</testsuite> <!-- Grocert Complete Set Of DeliveryApp Service -->
