<?xml version="1.0" encoding="UTF-8"?>
<!-- Generated by org.testng.reporters.JUnitXMLReporter -->
<testsuite hostname="LT0072540" ignored="1" name="FirefoxTest" tests="6" failures="3" timestamp="15 Feb 2019 13:03:00 GMT" time="0.845" errors="0">
  <testcase name="@AfterMethod tearDown" time="0.0" classname="com.ril.deliveryApp.test.utility.WebBaseTest2">
    <failure type="java.lang.NullPointerException">
      <![CDATA[java.lang.NullPointerException
at com.ril.deliveryApp.test.utility.ScreenShot.getScreenshot(ScreenShot.java:17)
at com.ril.deliveryApp.test.utility.WebBaseTest2.tearDown(WebBaseTest2.java:107)
... Removed 28 stack frames]]>
    </failure>
  </testcase> <!-- @AfterMethod tearDown -->
  <testcase name="@BeforeMethod setUp" time="0.0" classname="com.ril.deliveryApp.test.utility.WebBaseTest2">
    <skipped/>
  </testcase> <!-- @BeforeMethod setUp -->
  <testcase name="@BeforeMethod setUp" time="0.0" classname="com.ril.deliveryApp.test.utility.WebBaseTest2">
    <skipped/>
  </testcase> <!-- @BeforeMethod setUp -->
  <testcase name="@AfterMethod tearDown" time="0.0" classname="com.ril.deliveryApp.test.utility.WebBaseTest2">
    <skipped/>
  </testcase> <!-- @AfterMethod tearDown -->
  <testcase name="@BeforeMethod setUp" time="0.0" classname="com.ril.deliveryApp.test.utility.WebBaseTest2">
    <skipped/>
  </testcase> <!-- @BeforeMethod setUp -->
  <testcase name="SearchLocationWithAutosuggestion" time="0.391" classname="com.ril.deliveryApp.ws.Grid">
    <failure type="java.lang.NullPointerException">
      <![CDATA[java.lang.NullPointerException
at org.openqa.selenium.support.pagefactory.DefaultElementLocator.findElement(DefaultElementLocator.java:69)
at org.openqa.selenium.support.pagefactory.internal.LocatingElementHandler.invoke(LocatingElementHandler.java:38)
at com.sun.proxy.$Proxy8.isDisplayed(Unknown Source)
at com.ril.deliveryApp.web.page.object.SearchLandingPage.searchForAutoSuggestion(SearchLandingPage.java:74)
at com.ril.deliveryApp.ws.Grid.SearchLocationWithAutosuggestion(Grid.java:41)
... Removed 25 stack frames]]>
    </failure>
  </testcase> <!-- SearchLocationWithAutosuggestion -->
  <testcase name="SearchLocationWithEmptyData" time="0.0" classname="com.ril.deliveryApp.ws.Grid">
    <skipped/>
  </testcase> <!-- SearchLocationWithEmptyData -->
  <testcase name="SearchLocationWithEmptyData" time="0.04" classname="com.ril.deliveryApp.ws.Grid">
    <failure type="java.lang.NullPointerException">
      <![CDATA[java.lang.NullPointerException
at com.paypal.selion.internal.utils.TestNGUtils.getInvokedMethodInformation(TestNGUtils.java:54)
at com.paypal.selion.internal.platform.grid.SeleniumGridListener.beforeInvocation(SeleniumGridListener.java:129)
... Removed 23 stack frames]]>
    </failure>
  </testcase> <!-- SearchLocationWithEmptyData -->
  <testcase name="SearchLocationWithValidData" time="0.0" classname="com.ril.deliveryApp.ws.Grid">
    <skipped/>
  </testcase> <!-- SearchLocationWithValidData -->
  <testcase name="SearchSuggestionWithMinimumLenght" time="0.0" classname="com.ril.deliveryApp.ws.Grid">
    <skipped/>
  </testcase> <!-- SearchSuggestionWithMinimumLenght -->
  <testcase name="SearchSuggestionWithMinimumLenght" time="0.03" classname="com.ril.deliveryApp.ws.Grid">
    <failure type="java.lang.NullPointerException">
      <![CDATA[java.lang.NullPointerException
at com.paypal.selion.internal.utils.TestNGUtils.getInvokedMethodInformation(TestNGUtils.java:54)
at com.paypal.selion.internal.platform.grid.SeleniumGridListener.beforeInvocation(SeleniumGridListener.java:129)
... Removed 23 stack frames]]>
    </failure>
  </testcase> <!-- SearchSuggestionWithMinimumLenght -->
  <testcase name="SearchLocationWithInvalidData" time="0.0" classname="com.ril.deliveryApp.ws.Grid">
    <ignored/>
  </testcase> <!-- SearchLocationWithInvalidData -->
</testsuite> <!-- FirefoxTest -->
