<?xml version="1.0" encoding="UTF-8"?>
<!-- Generated by org.testng.reporters.JUnitXMLReporter -->
<testsuite hostname="LT0072540" ignored="0" name="EdgeTest" tests="1" failures="1" timestamp="13 Feb 2019 10:47:06 GMT" time="0.059" errors="0">
  <testcase name="SearchLocationWithValidData" time="0.01" classname="com.ril.deliveryApp.ws.Grid">
    <failure type="java.lang.NullPointerException">
      <![CDATA[java.lang.NullPointerException
at com.ril.deliveryApp.web.page.object.SearchLandingPage.searchForPlaces(SearchLandingPage.java:39)
at com.ril.deliveryApp.ws.Grid.SearchLocationWithValidData(Grid.java:18)
... Removed 25 stack frames]]>
    </failure>
  </testcase> <!-- SearchLocationWithValidData -->
</testsuite> <!-- EdgeTest -->
