<?xml version="1.0" encoding="UTF-8"?>
<!-- Generated by org.testng.reporters.JUnitXMLReporter -->
<testsuite hostname="LT0072540" ignored="1" name="FirefoxTest" tests="6" failures="2" timestamp="13 Feb 2019 21:05:44 GMT" time="53.014" errors="0">
  <testcase name="@BeforeMethod setUp" time="52.702" classname="com.ril.deliveryApp.test.utility.WebBaseTest2">
    <failure type="org.openqa.selenium.WebDriverException" message="Failed to connect to binary FirefoxBinary(C:\Program Files (x86)\Mozilla Firefox\firefox.exe) on port 7055; process output follows: 
g&amp;quot;,&amp;quot;syncGUID&amp;quot;:&amp;quot;{11f7c593-4871-41fb-9cb0-29767a7548ce}&amp;quot;,&amp;quot;version&amp;quot;:&amp;quot;3.0.0&amp;quot;,&amp;quot;type&amp;quot;:&amp;quot;extension&amp;quot;,&amp;quot;loader&amp;quot;:null,&amp;quot;updateURL&amp;quot;:null,&amp;quot;optionsURL&amp;quot;:null,&amp;quot;optionsType&amp;quot;:null,&amp;quot;optionsBrowserStyle&amp;quot;:true,&amp;quot;aboutURL&amp;quot;:null,&amp;quot;defaultLocale&amp;quot;:{&amp;quot;name&amp;quot;:&amp;quot;Web Compat&amp;quot;,&amp;quot;description&amp;quot;:&amp;quot;Urgent post-release fixes for web compatibility.&amp;quot;,&amp;quot;creator&amp;quot;:null,&amp;quot;developers&amp;quot;:null,&amp;quot;translators&amp;quot;:null,&amp;quot;contributors&amp;quot;:null},&amp;quot;visible&amp;quot;:true,&amp;quot;active&amp;quot;:true,&amp;quot;userDisabled&amp;quot;:false,&amp;quot;appDisabled&amp;quot;:false,&amp;quot;installDate&amp;quot;:1550091360368,&amp;quot;updateDate&amp;quot;:1550091360368,&amp;quot;applyBackgroundUpdates&amp;quot;:1,&amp;quot;path&amp;quot;:&amp;quot;C:\\Program Files (x86)\\Mozilla Firefox\\browser\\features\\webcompat@mozilla.org.xpi&amp;quot;,&amp;quot;skinnable&amp;quot;:false,&amp;quot;sourceURI&amp;quot;:null,&amp;quot;releaseNotesURI&amp;quot;:null,&amp;quot;softDisabled&amp;quot;:false,&amp;quot;foreignInstall&amp;quot;:false,&amp;quot;strictCompatibility&amp;quot;:true,&amp;quot;locales&amp;quot;:[],&amp;quot;targetApplications&amp;quot;:[{&amp;quot;id&amp;quot;:&amp;quot;toolkit@mozilla.org&amp;quot;,&amp;quot;minVersion&amp;quot;:&amp;quot;59.0b5&amp;quot;,&amp;quot;maxVersion&amp;quot;:null}],&amp;quot;targetPlatforms&amp;quot;:[],&amp;quot;seen&amp;quot;:true,&amp;quot;dependencies&amp;quot;:[],&amp;quot;userPermissions&amp;quot;:{&amp;quot;permissions&amp;quot;:[&amp;quot;webRequest&amp;quot;,&amp;quot;webRequestBlocking&amp;quot;],&amp;quot;origins&amp;quot;:[&amp;quot;&amp;lt;all_urls&amp;gt;&amp;quot;]},&amp;quot;icons&amp;quot;:{},&amp;quot;iconURL&amp;quot;:null,&amp;quot;blocklistState&amp;quot;:0,&amp;quot;blocklistURL&amp;quot;:null,&amp;quot;startupData&amp;quot;:null,&amp;quot;hidden&amp;quot;:true,&amp;quot;installTelemetryInfo&amp;quot;:null,&amp;quot;location&amp;quot;:&amp;quot;app-system-defaults&amp;quot;}
1550091899038	addons.xpi-utils	DEBUG	Updating add-on states
1550091899040	addons.xpi	DEBUG	Calling bootstrap method startup on formautofill@mozilla.org version 1.0
1550091899042	addons.xpi	DEBUG	Calling bootstrap method startup on screenshots@mozilla.org version 35.0.0
1550091899042	addons.xpi	DEBUG	Calling bootstrap method startup on webcompat@mozilla.org version 3.0.0
1550091899044	addons.manager	DEBUG	Registering shutdown blocker for XPIProvider
1550091899044	addons.manager	DEBUG	Provider finished startup: XPIProvider
1550091899044	addons.manager	DEBUG	Starting provider: LightweightThemeManager
1550091899044	addons.manager	DEBUG	Registering shutdown blocker for LightweightThemeManager
1550091899045	addons.manager	DEBUG	Provider finished startup: LightweightThemeManager
1550091899045	addons.manager	DEBUG	Starting provider: GMPProvider
1550091899052	addons.manager	DEBUG	Registering shutdown blocker for GMPProvider
1550091899052	addons.manager	DEBUG	Provider finished startup: GMPProvider
1550091899052	addons.manager	DEBUG	Starting provider: PluginProvider
1550091899052	addons.manager	DEBUG	Registering shutdown blocker for PluginProvider
1550091899052	addons.manager	DEBUG	Provider finished startup: PluginProvider
1550091899056	addons.manager	DEBUG	Completed startup sequence
1550091901303	addons.repository	DEBUG	No addons.json found.
1550091902934	addons.xpi	DEBUG	Ignoring file: name is not a valid add-on ID: C:\Users\prakash.adak\AppData\Local\Temp\anonymous7998884524835650371webdriver-profile\extensions\webdriver-staging
1550091902934	addons.xpi	DEBUG	Existing add-on formautofill@mozilla.org in app-system-defaults
1550091902934	addons.xpi	DEBUG	Existing add-on screenshots@mozilla.org in app-system-defaults
1550091902935	addons.xpi	DEBUG	Existing add-on webcompat-reporter@mozilla.org in app-system-defaults
1550091902935	addons.xpi	DEBUG	Existing add-on webcompat@mozilla.org in app-system-defaults
1550091902936	addons.xpi	DEBUG	scanForChanges changed: false, state: {}
JavaScript error: resource://gre/modules/addons/XPIProvider.jsm, line 2625: TypeError: addon is null
1550091903695	addons.manager	DEBUG	Registering upgrade listener for formautofill@mozilla.org
1550091923522	addons.productaddons	INFO	sending request to: https://aus5.mozilla.org/update/3/GMP/65.0.1/20190211233335/WINNT_x86_64-msvc-x64/en-US/release/Windows_NT%206.1.1.0.7601%20(x64)/default/default/update.xml
1550091924364	addons.productaddons	INFO	Completed downloading document
1550091924974	addons.productaddons	INFO	downloadXHR File download. status=200
1550091924984	addons.productaddons	INFO	Downloaded file will be saved to C:\Users\PRAKAS~1.ADA\AppData\Local\Temp\tmpaddon-800b31
1550091927881	addons.productaddons	INFO	downloadXHR File download. status=200
1550091927884	addons.productaddons	INFO	Downloaded file will be saved to C:\Users\PRAKAS~1.ADA\AppData\Local\Temp\tmpaddon-43f9e

Build info: version: &amp;apos;2.53.1&amp;apos;, revision: &amp;apos;a36b8b1cd5757287168e54b817830adce9b0158d&amp;apos;, time: &amp;apos;2016-06-30 19:26:09&amp;apos;
System info: host: &amp;apos;LT0072540&amp;apos;, ip: &amp;apos;192.168.2.4&amp;apos;, os.name: &amp;apos;Windows 7&amp;apos;, os.arch: &amp;apos;amd64&amp;apos;, os.version: &amp;apos;6.1&amp;apos;, java.version: &amp;apos;1.8.0_101&amp;apos;
Driver info: driver.version: FirefoxDriver">
      <![CDATA[org.openqa.selenium.WebDriverException: Failed to connect to binary FirefoxBinary(C:\Program Files (x86)\Mozilla Firefox\firefox.exe) on port 7055; process output follows: 
g","syncGUID":"{11f7c593-4871-41fb-9cb0-29767a7548ce}","version":"3.0.0","type":"extension","loader":null,"updateURL":null,"optionsURL":null,"optionsType":null,"optionsBrowserStyle":true,"aboutURL":null,"defaultLocale":{"name":"Web Compat","description":"Urgent post-release fixes for web compatibility.","creator":null,"developers":null,"translators":null,"contributors":null},"visible":true,"active":true,"userDisabled":false,"appDisabled":false,"installDate":1550091360368,"updateDate":1550091360368,"applyBackgroundUpdates":1,"path":"C:\\Program Files (x86)\\Mozilla Firefox\\browser\\features\\webcompat@mozilla.org.xpi","skinnable":false,"sourceURI":null,"releaseNotesURI":null,"softDisabled":false,"foreignInstall":false,"strictCompatibility":true,"locales":[],"targetApplications":[{"id":"toolkit@mozilla.org","minVersion":"59.0b5","maxVersion":null}],"targetPlatforms":[],"seen":true,"dependencies":[],"userPermissions":{"permissions":["webRequest","webRequestBlocking"],"origins":["<all_urls>"]},"icons":{},"iconURL":null,"blocklistState":0,"blocklistURL":null,"startupData":null,"hidden":true,"installTelemetryInfo":null,"location":"app-system-defaults"}
1550091899038addons.xpi-utilsDEBUGUpdating add-on states
1550091899040addons.xpiDEBUGCalling bootstrap method startup on formautofill@mozilla.org version 1.0
1550091899042addons.xpiDEBUGCalling bootstrap method startup on screenshots@mozilla.org version 35.0.0
1550091899042addons.xpiDEBUGCalling bootstrap method startup on webcompat@mozilla.org version 3.0.0
1550091899044addons.managerDEBUGRegistering shutdown blocker for XPIProvider
1550091899044addons.managerDEBUGProvider finished startup: XPIProvider
1550091899044addons.managerDEBUGStarting provider: LightweightThemeManager
1550091899044addons.managerDEBUGRegistering shutdown blocker for LightweightThemeManager
1550091899045addons.managerDEBUGProvider finished startup: LightweightThemeManager
1550091899045addons.managerDEBUGStarting provider: GMPProvider
1550091899052addons.managerDEBUGRegistering shutdown blocker for GMPProvider
1550091899052addons.managerDEBUGProvider finished startup: GMPProvider
1550091899052addons.managerDEBUGStarting provider: PluginProvider
1550091899052addons.managerDEBUGRegistering shutdown blocker for PluginProvider
1550091899052addons.managerDEBUGProvider finished startup: PluginProvider
1550091899056addons.managerDEBUGCompleted startup sequence
1550091901303addons.repositoryDEBUGNo addons.json found.
1550091902934addons.xpiDEBUGIgnoring file: name is not a valid add-on ID: C:\Users\prakash.adak\AppData\Local\Temp\anonymous7998884524835650371webdriver-profile\extensions\webdriver-staging
1550091902934addons.xpiDEBUGExisting add-on formautofill@mozilla.org in app-system-defaults
1550091902934addons.xpiDEBUGExisting add-on screenshots@mozilla.org in app-system-defaults
1550091902935addons.xpiDEBUGExisting add-on webcompat-reporter@mozilla.org in app-system-defaults
1550091902935addons.xpiDEBUGExisting add-on webcompat@mozilla.org in app-system-defaults
1550091902936addons.xpiDEBUGscanForChanges changed: false, state: {}
JavaScript error: resource://gre/modules/addons/XPIProvider.jsm, line 2625: TypeError: addon is null
1550091903695addons.managerDEBUGRegistering upgrade listener for formautofill@mozilla.org
1550091923522addons.productaddonsINFOsending request to: https://aus5.mozilla.org/update/3/GMP/65.0.1/20190211233335/WINNT_x86_64-msvc-x64/en-US/release/Windows_NT%206.1.1.0.7601%20(x64)/default/default/update.xml
1550091924364addons.productaddonsINFOCompleted downloading document
1550091924974addons.productaddonsINFOdownloadXHR File download. status=200
1550091924984addons.productaddonsINFODownloaded file will be saved to C:\Users\PRAKAS~1.ADA\AppData\Local\Temp\tmpaddon-800b31
1550091927881addons.productaddonsINFOdownloadXHR File download. status=200
1550091927884addons.productaddonsINFODownloaded file will be saved to C:\Users\PRAKAS~1.ADA\AppData\Local\Temp\tmpaddon-43f9e

Build info: version: '2.53.1', revision: 'a36b8b1cd5757287168e54b817830adce9b0158d', time: '2016-06-30 19:26:09'
System info: host: 'LT0072540', ip: '192.168.2.4', os.name: 'Windows 7', os.arch: 'amd64', os.version: '6.1', java.version: '1.8.0_101'
Driver info: driver.version: FirefoxDriver
at org.openqa.selenium.firefox.internal.NewProfileExtensionConnection.start(NewProfileExtensionConnection.java:125)
at org.openqa.selenium.firefox.FirefoxDriver.startClient(FirefoxDriver.java:271)
at org.openqa.selenium.remote.RemoteWebDriver.<init>(RemoteWebDriver.java:119)
at org.openqa.selenium.firefox.FirefoxDriver.<init>(FirefoxDriver.java:216)
at org.openqa.selenium.firefox.FirefoxDriver.<init>(FirefoxDriver.java:211)
at org.openqa.selenium.firefox.FirefoxDriver.<init>(FirefoxDriver.java:207)
at org.openqa.selenium.firefox.FirefoxDriver.<init>(FirefoxDriver.java:120)
at com.ril.deliveryApp.test.utility.WebBaseTest2.setUp(WebBaseTest2.java:70)
Caused by: org.openqa.selenium.firefox.NotConnectedException: Unable to connect to host 127.0.0.1 on port 7055 after 45000 ms. Firefox console output:
g","syncGUID":"{11f7c593-4871-41fb-9cb0-29767a7548ce}","version":"3.0.0","type":"extension","loader":null,"updateURL":null,"optionsURL":null,"optionsType":null,"optionsBrowserStyle":true,"aboutURL":null,"defaultLocale":{"name":"Web Compat","description":"Urgent post-release fixes for web compatibility.","creator":null,"developers":null,"translators":null,"contributors":null},"visible":true,"active":true,"userDisabled":false,"appDisabled":false,"installDate":1550091360368,"updateDate":1550091360368,"applyBackgroundUpdates":1,"path":"C:\\Program Files (x86)\\Mozilla Firefox\\browser\\features\\webcompat@mozilla.org.xpi","skinnable":false,"sourceURI":null,"releaseNotesURI":null,"softDisabled":false,"foreignInstall":false,"strictCompatibility":true,"locales":[],"targetApplications":[{"id":"toolkit@mozilla.org","minVersion":"59.0b5","maxVersion":null}],"targetPlatforms":[],"seen":true,"dependencies":[],"userPermissions":{"permissions":["webRequest","webRequestBlocking"],"origins":["<all_urls>"]},"icons":{},"iconURL":null,"blocklistState":0,"blocklistURL":null,"startupData":null,"hidden":true,"installTelemetryInfo":null,"location":"app-system-defaults"}
1550091899038addons.xpi-utilsDEBUGUpdating add-on states
1550091899040addons.xpiDEBUGCalling bootstrap method startup on formautofill@mozilla.org version 1.0
1550091899042addons.xpiDEBUGCalling bootstrap method startup on screenshots@mozilla.org version 35.0.0
1550091899042addons.xpiDEBUGCalling bootstrap method startup on webcompat@mozilla.org version 3.0.0
1550091899044addons.managerDEBUGRegistering shutdown blocker for XPIProvider
1550091899044addons.managerDEBUGProvider finished startup: XPIProvider
1550091899044addons.managerDEBUGStarting provider: LightweightThemeManager
1550091899044addons.managerDEBUGRegistering shutdown blocker for LightweightThemeManager
1550091899045addons.managerDEBUGProvider finished startup: LightweightThemeManager
1550091899045addons.managerDEBUGStarting provider: GMPProvider
1550091899052addons.managerDEBUGRegistering shutdown blocker for GMPProvider
1550091899052addons.managerDEBUGProvider finished startup: GMPProvider
1550091899052addons.managerDEBUGStarting provider: PluginProvider
1550091899052addons.managerDEBUGRegistering shutdown blocker for PluginProvider
1550091899052addons.managerDEBUGProvider finished startup: PluginProvider
1550091899056addons.managerDEBUGCompleted startup sequence
1550091901303addons.repositoryDEBUGNo addons.json found.
1550091902934addons.xpiDEBUGIgnoring file: name is not a valid add-on ID: C:\Users\prakash.adak\AppData\Local\Temp\anonymous7998884524835650371webdriver-profile\extensions\webdriver-staging
1550091902934addons.xpiDEBUGExisting add-on formautofill@mozilla.org in app-system-defaults
1550091902934addons.xpiDEBUGExisting add-on screenshots@mozilla.org in app-system-defaults
1550091902935addons.xpiDEBUGExisting add-on webcompat-reporter@mozilla.org in app-system-defaults
1550091902935addons.xpiDEBUGExisting add-on webcompat@mozilla.org in app-system-defaults
1550091902936addons.xpiDEBUGscanForChanges changed: false, state: {}
JavaScript error: resource://gre/modules/addons/XPIProvider.jsm, line 2625: TypeError: addon is null
1550091903695addons.managerDEBUGRegistering upgrade listener for formautofill@mozilla.org
1550091923522addons.productaddonsINFOsending request to: https://aus5.mozilla.org/update/3/GMP/65.0.1/20190211233335/WINNT_x86_64-msvc-x64/en-US/release/Windows_NT%206.1.1.0.7601%20(x64)/default/default/update.xml
1550091924364addons.productaddonsINFOCompleted downloading document
1550091924974addons.productaddonsINFOdownloadXHR File download. status=200
1550091924984addons.productaddonsINFODownloaded file will be saved to C:\Users\PRAKAS~1.ADA\AppData\Local\Temp\tmpaddon-800b31
1550091927881addons.productaddonsINFOdownloadXHR File download. status=200
1550091927884addons.productaddonsINFODownloaded file will be saved to C:\Users\PRAKAS~1.ADA\AppData\Local\Temp\tmpaddon-43f9e

at org.openqa.selenium.firefox.internal.NewProfileExtensionConnection.start(NewProfileExtensionConnection.java:113)
... 35 more
... Removed 28 stack frames]]>
    </failure>
  </testcase> <!-- @BeforeMethod setUp -->
  <testcase name="@BeforeMethod setUp" time="0.0" classname="com.ril.deliveryApp.test.utility.WebBaseTest2">
    <skipped/>
  </testcase> <!-- @BeforeMethod setUp -->
  <testcase name="@AfterMethod tearDown" time="0.0" classname="com.ril.deliveryApp.test.utility.WebBaseTest2">
    <skipped/>
  </testcase> <!-- @AfterMethod tearDown -->
  <testcase name="@BeforeMethod setUp" time="0.0" classname="com.ril.deliveryApp.test.utility.WebBaseTest2">
    <skipped/>
  </testcase> <!-- @BeforeMethod setUp -->
  <testcase name="@BeforeMethod setUp" time="0.0" classname="com.ril.deliveryApp.test.utility.WebBaseTest2">
    <skipped/>
  </testcase> <!-- @BeforeMethod setUp -->
  <testcase name="@AfterMethod tearDown" time="0.0" classname="com.ril.deliveryApp.test.utility.WebBaseTest2">
    <skipped/>
  </testcase> <!-- @AfterMethod tearDown -->
  <testcase name="SearchLocationWithAutosuggestion" time="0.0" classname="com.ril.deliveryApp.ws.Grid">
    <skipped/>
  </testcase> <!-- SearchLocationWithAutosuggestion -->
  <testcase name="SearchLocationWithAutosuggestion" time="52.829" classname="com.ril.deliveryApp.ws.Grid">
    <failure type="java.lang.NullPointerException">
      <![CDATA[java.lang.NullPointerException
at com.paypal.selion.internal.utils.TestNGUtils.getInvokedMethodInformation(TestNGUtils.java:54)
at com.paypal.selion.internal.platform.grid.SeleniumGridListener.beforeInvocation(SeleniumGridListener.java:129)
... Removed 23 stack frames]]>
    </failure>
  </testcase> <!-- SearchLocationWithAutosuggestion -->
  <testcase name="SearchLocationWithEmptyData" time="0.0" classname="com.ril.deliveryApp.ws.Grid">
    <skipped/>
  </testcase> <!-- SearchLocationWithEmptyData -->
  <testcase name="SearchLocationWithValidData" time="0.0" classname="com.ril.deliveryApp.ws.Grid">
    <skipped/>
  </testcase> <!-- SearchLocationWithValidData -->
  <testcase name="SearchLocationWithValidData" time="0.023" classname="com.ril.deliveryApp.ws.Grid">
    <failure type="java.lang.NullPointerException">
      <![CDATA[java.lang.NullPointerException
at com.paypal.selion.internal.utils.TestNGUtils.getInvokedMethodInformation(TestNGUtils.java:54)
at com.paypal.selion.internal.platform.grid.SeleniumGridListener.beforeInvocation(SeleniumGridListener.java:129)
... Removed 23 stack frames]]>
    </failure>
  </testcase> <!-- SearchLocationWithValidData -->
  <testcase name="SearchSuggestionWithMinimumLenght" time="0.0" classname="com.ril.deliveryApp.ws.Grid">
    <skipped/>
  </testcase> <!-- SearchSuggestionWithMinimumLenght -->
  <testcase name="SearchLocationWithInvalidData" time="0.0" classname="com.ril.deliveryApp.ws.Grid">
    <ignored/>
  </testcase> <!-- SearchLocationWithInvalidData -->
</testsuite> <!-- FirefoxTest -->
