<?xml version="1.0" encoding="UTF-8"?>
<!-- Generated by org.testng.reporters.JUnitXMLReporter -->
<testsuite hostname="LT0072540" ignored="0" name="MobileTest" tests="1" failures="0" timestamp="11 Feb 2019 12:40:45 GMT" time="0.251" errors="0">
  <testcase name="@BeforeMethod setUp" time="0.0" classname="com.ril.deliveryApp.test.utility.WebBaseTest2">
    <failure type="java.net.MalformedURLException" message="no protocol: 0.0.0.0:4723/wd/hub">
      <![CDATA[java.net.MalformedURLException: no protocol: 0.0.0.0:4723/wd/hub
	at java.net.URL.<init>(Unknown Source)
	at java.net.URL.<init>(Unknown Source)
	at java.net.URL.<init>(Unknown Source)
	at com.ril.deliveryApp.test.utility.WebBaseTest2.setUp(WebBaseTest2.java:64)
	at java.util.concurrent.FutureTask.run(Unknown Source)
	at java.util.concurrent.ThreadPoolExecutor.runWorker(Unknown Source)
	at java.util.concurrent.ThreadPoolExecutor$Worker.run(Unknown Source)
	at java.lang.Thread.run(Unknown Source)
... Removed 18 stack frames]]>
    </failure>
  </testcase> <!-- @BeforeMethod setUp -->
  <testcase name="@AfterMethod tearDown" time="0.0" classname="com.ril.deliveryApp.test.utility.WebBaseTest2">
    <skipped/>
  </testcase> <!-- @AfterMethod tearDown -->
  <testcase name="MobileLaunch" time="0.015" classname="com.ril.deliveryApp.ws.Mobile">
    <skipped/>
  </testcase> <!-- MobileLaunch -->
</testsuite> <!-- MobileTest -->
